timestamp,round,loss,accuracy,data_samples
2025-04-19T14:04:34.447933,1,0.06989658594498456,0.17650076962544894,1949
2025-04-19T14:05:13.760849,2,0.07097003862391746,0.28168291431503334,1949
2025-04-19T14:06:12.146875,3,0.06658408065647146,0.35351462288353,1949
2025-04-19T14:07:01.146455,4,0.06513425746044788,0.3540277065161621,1949
2025-04-19T14:07:45.453659,5,0.06321802580888727,0.3699332991277578,1949
2025-04-19T14:08:35.289910,6,0.06535518683183493,0.3427398665982555,1949
2025-04-19T14:09:20.443653,7,0.06127310527049926,0.3771164699846075,1949
2025-04-19T14:10:10.679255,8,0.06238329441135146,0.3889173935351462,1949
2025-04-19T14:10:56.582939,9,0.06280259464629924,0.35248845561826575,1949
2025-04-19T14:11:47.220609,10,0.058567397713110717,0.3863519753719856,1949
2025-04-19T14:12:31.845855,11,0.0576477019587439,0.3884043099025141,1949
2025-04-19T14:13:20.566235,12,0.059007089403484224,0.39250897896357106,1949
2025-04-19T14:14:05.315895,13,0.059054304111181254,0.3919958953309389,1949
2025-04-19T14:14:50.540861,14,0.06224751496938879,0.3745510518214469,1949
2025-04-19T14:15:39.991772,15,0.05815935844393985,0.409440738840431,1949
2025-04-19T14:16:25.691530,16,0.05655936396017999,0.43099025141097996,1949
2025-04-19T14:17:13.944545,17,0.05746100785611164,0.4212416623909697,1949
2025-04-19T14:18:02.124672,18,0.05699983702493729,0.44586967675731143,1949
2025-04-19T14:18:46.523140,19,0.055607123029972116,0.42072857875833763,1949
2025-04-19T14:19:34.945494,20,0.05743730526939302,0.43099025141097996,1949
2025-04-19T14:20:22.149669,21,0.0552687018024059,0.4479220112878399,1949
2025-04-19T14:21:10.340222,22,0.05407626626429159,0.4427911749615187,1949
2025-04-19T14:21:59.092372,23,0.05345357540878288,0.4427911749615187,1949
2025-04-19T14:22:44.970878,24,0.05397557943157198,0.43766033863519754,1949
2025-04-19T14:23:31.015487,25,0.05450855547981791,0.4422780913288866,1949
