timestamp,round,loss,accuracy,data_samples
2025-04-19T14:04:35.048830,1,0.06986038717791253,0.17290192113245703,2967
2025-04-19T14:05:14.434701,2,0.050751133763834326,0.27839568587799124,2967
2025-04-19T14:06:12.696028,3,0.04409088222997374,0.4903943377148635,2967
2025-04-19T14:07:01.732242,4,0.04245394695315411,0.5089315807212673,2967
2025-04-19T14:07:46.126208,5,0.04002344781073971,0.523087293562521,2967
2025-04-19T14:08:35.830034,6,0.03804760624914809,0.559824738793394,2967
2025-04-19T14:09:21.117349,7,0.03845734850581664,0.5460060667340748,2967
2025-04-19T14:10:11.204864,8,0.03936052951179533,0.5227502527805864,2967
2025-04-19T14:10:57.283278,9,0.03400690727536028,0.6265588136164476,2967
2025-04-19T14:11:47.810292,10,0.035552741764449176,0.5813953488372093,2967
2025-04-19T14:12:32.466180,11,0.033385774564534114,0.6306033029996629,2967
2025-04-19T14:13:21.110847,12,0.0341613317202911,0.6164475901584092,2967
2025-04-19T14:14:05.971863,13,0.03186766258345174,0.6491405460060667,2967
2025-04-19T14:14:51.192829,14,0.02999860168829244,0.6639703404111897,2967
2025-04-19T14:15:40.524308,15,0.03408938680468162,0.6076845298281092,2967
2025-04-19T14:16:26.244224,16,0.03214548284612925,0.6312773845635322,2967
2025-04-19T14:17:14.524968,17,0.031514927920645884,0.6467812605325244,2967
2025-04-19T14:18:02.649111,18,0.03188779698022496,0.6444219750589821,2967
2025-04-19T14:18:47.223541,19,0.03077874881352565,0.658577687900236,2967
2025-04-19T14:19:35.481663,20,0.030385427325110185,0.6595888102460398,2967
2025-04-19T14:20:22.827058,21,0.03221410605334496,0.6420626895854399,2967
2025-04-19T14:21:10.910453,22,0.032169178715851475,0.6275699359622514,2967
2025-04-19T14:21:59.660637,23,0.030117505782776343,0.6626221772834513,2967
2025-04-19T14:22:45.546744,24,0.03078218990196714,0.6595888102460398,2967
2025-04-19T14:23:31.666995,25,0.03060747990915178,0.6616110549376475,2967
